<?xml version="1.0" encoding="UTF-8"?>
<!-- Generated by org.testng.reporters.JUnitXMLReporter -->
<testsuite hostname="SSPRO14deepEngg" ignored="0" name="Test" tests="4" failures="0" timestamp="2020-11-02T11:42:00 IST" time="136.589" errors="0">
  <testcase name="Q1_seleniumWiki" time="44.071" classname="Q1_Selenium_Element.Assignment_1"/>
  <testcase name="Q1_verifyPluto" time="3.715" classname="Q1_Selenium_Element.Assignment_1"/>
  <testcase name="Q2_SmartservLogin" time="22.23" classname="Q2_Smartserv_Login.Smartserv_Login"/>
  <testcase name="Q3_AddTicket" time="66.523" classname="Q3_AddTicket.copy.AddTicket"/>
</testsuite> <!-- Test -->
